<?xml version="1.0" encoding="UTF-8"?><testrun name="TestRunner (1)" project="flipkart" tests="19" started="19" failures="0" errors="4" ignored="7">
  <testsuite name="com.maven.flipkart.TestRunner" time="17.561">
    <testsuite name="Feature: Customer Care Page" time="0.152">
      <testsuite name="Scenario: Customer support Helpline" time="0.0" incomplete="true">
        <skipped/>
        <testcase name="Given User is on home page" classname="Scenario: Customer support Helpline" time="0.0" ignored="true"/>
        <testcase name="When User clicks on Customer Care link" classname="Scenario: Customer support Helpline" time="0.0" ignored="true"/>
        <testcase name="Then he should see the customer Care page" classname="Scenario: Customer support Helpline" time="0.0" ignored="true"/>
      </testsuite>
      <testsuite name="Scenario: Customer Care issues" time="0.0" incomplete="true">
        <error>java.lang.NullPointerException&#13;
	at org.openqa.selenium.support.pagefactory.DefaultElementLocator.findElement(DefaultElementLocator.java:69)&#13;
	at org.openqa.selenium.support.pagefactory.internal.LocatingElementHandler.invoke(LocatingElementHandler.java:38)&#13;
	at com.sun.proxy.$Proxy15.click(Unknown Source)&#13;
	at pageObjects.CustomerCare.clickEachIssue(CustomerCare.java:36)&#13;
	at stepDefinitions.TestCase.user_clicks_on_each_issue(TestCase.java:109)&#13;
	at ✽.When User clicks on each issue(CustomerCare.feature:13)&#13;
&#13;
</error>
        <testcase name="When User clicks on each issue" classname="Scenario: Customer Care issues" time="0.0">
          <error>java.lang.NullPointerException&#13;
	at org.openqa.selenium.support.pagefactory.DefaultElementLocator.findElement(DefaultElementLocator.java:69)&#13;
	at org.openqa.selenium.support.pagefactory.internal.LocatingElementHandler.invoke(LocatingElementHandler.java:38)&#13;
	at com.sun.proxy.$Proxy15.click(Unknown Source)&#13;
	at pageObjects.CustomerCare.clickEachIssue(CustomerCare.java:36)&#13;
	at stepDefinitions.TestCase.user_clicks_on_each_issue(TestCase.java:109)&#13;
	at ✽.When User clicks on each issue(CustomerCare.feature:13)&#13;
&#13;
</error>
        </testcase>
        <testcase name="And clicks on view more" classname="Scenario: Customer Care issues" time="0.0" ignored="true"/>
        <testcase name="Then user should be able to count number of questions" classname="Scenario: Customer Care issues" time="0.0" ignored="true"/>
      </testsuite>
    </testsuite>
    <testsuite name="Feature: Home Page" time="0.65">
      <testsuite name="Scenario: Enter the item for search" time="0.645">
        <testcase name="Given User is on the home page" classname="Scenario: Enter the item for search" time="0.37"/>
        <testcase name="When User enters SearchKeyword" classname="Scenario: Enter the item for search" time="0.274"/>
        <testcase name="And click the search icon" classname="Scenario: Enter the item for search" time="0.001"/>
        <testcase name="Then user should be able to get the expected product" classname="Scenario: Enter the item for search" time="0.0"/>
      </testsuite>
      <testsuite name="Scenario: Customer Support Helpline" time="0.001" incomplete="true">
        <skipped/>
        <testcase name="When User Clicks on Customer Care icon" classname="Scenario: Customer Support Helpline" time="0.0" ignored="true"/>
        <testcase name="Then User should see the Customer Care Page" classname="Scenario: Customer Support Helpline" time="0.001" ignored="true"/>
      </testsuite>
    </testsuite>
    <testsuite name="Feature: Login Page" time="0.484">
      <testsuite name="Scenario: Login into flipkart" time="0.002">
        <testcase name="When he clicks on login icon" classname="Scenario: Login into flipkart" time="0.001"/>
        <testcase name="Then he should be able to see the Login Page" classname="Scenario: Login into flipkart" time="0.001"/>
      </testsuite>
      <testsuite name="Scenario: Login into flipkart" time="0.479">
        <testcase name="Given User is on the Login Page" classname="Scenario: Login into flipkart" time="0.477"/>
        <testcase name="When User enters Username as &quot;8750152322&quot; and Password as &quot;telnet@123&quot;" classname="Scenario: Login into flipkart" time="0.001"/>
        <testcase name="Then user should be on the home page" classname="Scenario: Login into flipkart" time="0.001"/>
      </testsuite>
    </testsuite>
    <testsuite name="Feature: Product List" time="4.22">
      <testsuite name="Scenario: Product name with highest rating" time="4.22" incomplete="true">
        <error>org.openqa.selenium.StaleElementReferenceException: stale element reference: element is not attached to the page document
  (Session info: chrome=60.0.3112.113)
  (Driver info: chromedriver=2.30.477700 (0057494ad8732195794a7b32078424f92a5fce41),platform=Windows NT 6.1.7601 SP1 x86_64) (WARNING: The server did not provide any stacktrace information)
Command duration or timeout: 33 milliseconds
For documentation on this error, please visit: http://seleniumhq.org/exceptions/stale_element_reference.html
Build info: version: '3.4.0', revision: 'unknown', time: 'unknown'
System info: host: 'AMRA', ip: '192.168.10.52', os.name: 'Windows 7', os.arch: 'amd64', os.version: '6.1', java.version: '1.8.0_144'
Driver info: org.openqa.selenium.chrome.ChromeDriver
Capabilities [{applicationCacheEnabled=false, rotatable=false, mobileEmulationEnabled=false, networkConnectionEnabled=false, chrome={chromedriverVersion=2.30.477700 (0057494ad8732195794a7b32078424f92a5fce41), userDataDir=C:\Users\AMRAKH~1\AppData\Local\Temp\scoped_dir9060_25612}, takesHeapSnapshot=true, pageLoadStrategy=normal, databaseEnabled=false, handlesAlerts=true, hasTouchScreen=false, version=60.0.3112.113, platform=XP, browserConnectionEnabled=false, nativeEvents=true, acceptSslCerts=true, locationContextEnabled=true, webStorageEnabled=true, browserName=chrome, takesScreenshot=true, javascriptEnabled=true, cssSelectorsEnabled=true, unexpectedAlertBehaviour=}]
Session ID: c021b5a50902a04dd5c5d7bc039fb3ed&#13;
	at sun.reflect.NativeConstructorAccessorImpl.newInstance0(Native Method)&#13;
	at sun.reflect.NativeConstructorAccessorImpl.newInstance(NativeConstructorAccessorImpl.java:62)&#13;
	at sun.reflect.DelegatingConstructorAccessorImpl.newInstance(DelegatingConstructorAccessorImpl.java:45)&#13;
	at java.lang.reflect.Constructor.newInstance(Constructor.java:423)&#13;
	at org.openqa.selenium.remote.ErrorHandler.createThrowable(ErrorHandler.java:215)&#13;
	at org.openqa.selenium.remote.ErrorHandler.throwIfResponseFailed(ErrorHandler.java:167)&#13;
	at org.openqa.selenium.remote.RemoteWebDriver.execute(RemoteWebDriver.java:671)&#13;
	at org.openqa.selenium.remote.RemoteWebElement.execute(RemoteWebElement.java:272)&#13;
	at org.openqa.selenium.remote.RemoteWebElement.getText(RemoteWebElement.java:156)&#13;
	at pageObjects.ProductList.getProduct(ProductList.java:49)&#13;
	at stepDefinitions.TestCase.he_should_get_the_product_with_highest_rating(TestCase.java:51)&#13;
	at ✽.Then he should get the product with highest rating(ProductList.feature:8)&#13;
&#13;
</error>
        <testcase name="When User is on the product list page" classname="Scenario: Product name with highest rating" time="4.219"/>
        <testcase name="Then he should get the product with highest rating" classname="Scenario: Product name with highest rating" time="0.001">
          <error>org.openqa.selenium.StaleElementReferenceException: stale element reference: element is not attached to the page document
  (Session info: chrome=60.0.3112.113)
  (Driver info: chromedriver=2.30.477700 (0057494ad8732195794a7b32078424f92a5fce41),platform=Windows NT 6.1.7601 SP1 x86_64) (WARNING: The server did not provide any stacktrace information)
Command duration or timeout: 33 milliseconds
For documentation on this error, please visit: http://seleniumhq.org/exceptions/stale_element_reference.html
Build info: version: '3.4.0', revision: 'unknown', time: 'unknown'
System info: host: 'AMRA', ip: '192.168.10.52', os.name: 'Windows 7', os.arch: 'amd64', os.version: '6.1', java.version: '1.8.0_144'
Driver info: org.openqa.selenium.chrome.ChromeDriver
Capabilities [{applicationCacheEnabled=false, rotatable=false, mobileEmulationEnabled=false, networkConnectionEnabled=false, chrome={chromedriverVersion=2.30.477700 (0057494ad8732195794a7b32078424f92a5fce41), userDataDir=C:\Users\AMRAKH~1\AppData\Local\Temp\scoped_dir9060_25612}, takesHeapSnapshot=true, pageLoadStrategy=normal, databaseEnabled=false, handlesAlerts=true, hasTouchScreen=false, version=60.0.3112.113, platform=XP, browserConnectionEnabled=false, nativeEvents=true, acceptSslCerts=true, locationContextEnabled=true, webStorageEnabled=true, browserName=chrome, takesScreenshot=true, javascriptEnabled=true, cssSelectorsEnabled=true, unexpectedAlertBehaviour=}]
Session ID: c021b5a50902a04dd5c5d7bc039fb3ed&#13;
	at sun.reflect.NativeConstructorAccessorImpl.newInstance0(Native Method)&#13;
	at sun.reflect.NativeConstructorAccessorImpl.newInstance(NativeConstructorAccessorImpl.java:62)&#13;
	at sun.reflect.DelegatingConstructorAccessorImpl.newInstance(DelegatingConstructorAccessorImpl.java:45)&#13;
	at java.lang.reflect.Constructor.newInstance(Constructor.java:423)&#13;
	at org.openqa.selenium.remote.ErrorHandler.createThrowable(ErrorHandler.java:215)&#13;
	at org.openqa.selenium.remote.ErrorHandler.throwIfResponseFailed(ErrorHandler.java:167)&#13;
	at org.openqa.selenium.remote.RemoteWebDriver.execute(RemoteWebDriver.java:671)&#13;
	at org.openqa.selenium.remote.RemoteWebElement.execute(RemoteWebElement.java:272)&#13;
	at org.openqa.selenium.remote.RemoteWebElement.getText(RemoteWebElement.java:156)&#13;
	at pageObjects.ProductList.getProduct(ProductList.java:49)&#13;
	at stepDefinitions.TestCase.he_should_get_the_product_with_highest_rating(TestCase.java:51)&#13;
	at ✽.Then he should get the product with highest rating(ProductList.feature:8)&#13;
&#13;
</error>
        </testcase>
      </testsuite>
    </testsuite>
  </testsuite>
</testrun>
