<?xml version="1.0" encoding="UTF-8"?><testrun name="TestRunner (1)" project="flipkart" tests="19" started="19" failures="0" errors="2" ignored="7">
  <testsuite name="com.maven.flipkart.TestRunner" time="52.646">
    <testsuite name="Feature: Customer Care Page" time="0.01">
      <testsuite name="Scenario: Customer support Helpline" time="0.0" incomplete="true">
        <skipped/>
        <testcase name="Given User is on home page" classname="Scenario: Customer support Helpline" time="0.0" ignored="true"/>
        <testcase name="When User clicks on Customer Care link" classname="Scenario: Customer support Helpline" time="0.0" ignored="true"/>
        <testcase name="Then he should see the customer Care page" classname="Scenario: Customer support Helpline" time="0.0" ignored="true"/>
      </testsuite>
      <testsuite name="Scenario: Customer Care issues" time="0.01" incomplete="true">
        <skipped/>
        <testcase name="When User clicks on each issue" classname="Scenario: Customer Care issues" time="0.0" ignored="true"/>
        <testcase name="And clicks on view more" classname="Scenario: Customer Care issues" time="0.0" ignored="true"/>
        <testcase name="Then user should be able to count number of questions" classname="Scenario: Customer Care issues" time="0.0" ignored="true"/>
      </testsuite>
    </testsuite>
    <testsuite name="Feature: Home Page" time="31.745">
      <testsuite name="Scenario: Enter the item for search" time="1.456">
        <testcase name="Given User is on the home page" classname="Scenario: Enter the item for search" time="1.202"/>
        <testcase name="When User enters SearchKeyword" classname="Scenario: Enter the item for search" time="0.254"/>
        <testcase name="And click the search icon" classname="Scenario: Enter the item for search" time="0.0"/>
        <testcase name="Then user should be able to get the expected product" classname="Scenario: Enter the item for search" time="0.0"/>
      </testsuite>
      <testsuite name="Scenario: Customer Support Helpline" time="0.051" incomplete="true">
        <error>org.openqa.selenium.TimeoutException: Expected condition failed: waiting for element to be clickable: Proxy element for: DefaultElementLocator 'By.xpath: //a[contains(@text , 'Customer Care')]' (tried for 30 second(s) with 500 MILLISECONDS interval)&#13;
	at org.openqa.selenium.support.ui.WebDriverWait.timeoutException(WebDriverWait.java:80)&#13;
	at org.openqa.selenium.support.ui.FluentWait.until(FluentWait.java:232)&#13;
	at pageObjects.HomePage.clickCustomerSupport(HomePage.java:54)&#13;
	at stepDefinitions.TestCase.user_Clicks_on_Customer_Care_icon(TestCase.java:98)&#13;
	at ✽.When User Clicks on Customer Care icon(HomePage.feature:20)&#13;
Caused by: org.openqa.selenium.NoSuchElementException: no such element: Unable to locate element: {"method":"xpath","selector":"//a[contains(@text , 'Customer Care')]"}
  (Session info: chrome=60.0.3112.113)
  (Driver info: chromedriver=2.30.477700 (0057494ad8732195794a7b32078424f92a5fce41),platform=Windows NT 6.1.7601 SP1 x86_64) (WARNING: The server did not provide any stacktrace information)
Command duration or timeout: 40 milliseconds
For documentation on this error, please visit: http://seleniumhq.org/exceptions/no_such_element.html
Build info: version: '3.4.0', revision: 'unknown', time: 'unknown'
System info: host: 'AMRA', ip: '192.168.10.52', os.name: 'Windows 7', os.arch: 'amd64', os.version: '6.1', java.version: '1.8.0_144'
Driver info: org.openqa.selenium.chrome.ChromeDriver
Capabilities [{applicationCacheEnabled=false, rotatable=false, mobileEmulationEnabled=false, networkConnectionEnabled=false, chrome={chromedriverVersion=2.30.477700 (0057494ad8732195794a7b32078424f92a5fce41), userDataDir=C:\Users\AMRAKH~1\AppData\Local\Temp\scoped_dir6788_6842}, takesHeapSnapshot=true, pageLoadStrategy=normal, databaseEnabled=false, handlesAlerts=true, hasTouchScreen=false, version=60.0.3112.113, platform=XP, browserConnectionEnabled=false, nativeEvents=true, acceptSslCerts=true, locationContextEnabled=true, webStorageEnabled=true, browserName=chrome, takesScreenshot=true, javascriptEnabled=true, cssSelectorsEnabled=true, unexpectedAlertBehaviour=}]
Session ID: dcde6c4fa0476334187bdd85672ec8b3
*** Element info: {Using=xpath, value=//a[contains(@text , 'Customer Care')]}&#13;
	at sun.reflect.GeneratedConstructorAccessor13.newInstance(Unknown Source)&#13;
	at sun.reflect.DelegatingConstructorAccessorImpl.newInstance(DelegatingConstructorAccessorImpl.java:45)&#13;
	at java.lang.reflect.Constructor.newInstance(Constructor.java:423)&#13;
	at org.openqa.selenium.remote.ErrorHandler.createThrowable(ErrorHandler.java:215)&#13;
	at org.openqa.selenium.remote.ErrorHandler.throwIfResponseFailed(ErrorHandler.java:167)&#13;
	at org.openqa.selenium.remote.RemoteWebDriver.execute(RemoteWebDriver.java:671)&#13;
	at org.openqa.selenium.remote.RemoteWebDriver.findElement(RemoteWebDriver.java:410)&#13;
	at org.openqa.selenium.remote.RemoteWebDriver.findElementByXPath(RemoteWebDriver.java:509)&#13;
	at org.openqa.selenium.By$ByXPath.findElement(By.java:361)&#13;
	at org.openqa.selenium.remote.RemoteWebDriver.findElement(RemoteWebDriver.java:402)&#13;
	at org.openqa.selenium.support.pagefactory.DefaultElementLocator.findElement(DefaultElementLocator.java:69)&#13;
	at org.openqa.selenium.support.pagefactory.internal.LocatingElementHandler.invoke(LocatingElementHandler.java:38)&#13;
	at com.sun.proxy.$Proxy15.isDisplayed(Unknown Source)&#13;
	at org.openqa.selenium.support.ui.ExpectedConditions.elementIfVisible(ExpectedConditions.java:302)&#13;
	at org.openqa.selenium.support.ui.ExpectedConditions.access$100(ExpectedConditions.java:44)&#13;
	at org.openqa.selenium.support.ui.ExpectedConditions$10.apply(ExpectedConditions.java:288)&#13;
	at org.openqa.selenium.support.ui.ExpectedConditions$10.apply(ExpectedConditions.java:285)&#13;
	at org.openqa.selenium.support.ui.ExpectedConditions$23.apply(ExpectedConditions.java:673)&#13;
	at org.openqa.selenium.support.ui.ExpectedConditions$23.apply(ExpectedConditions.java:669)&#13;
	at org.openqa.selenium.support.ui.FluentWait.until(FluentWait.java:209)&#13;
	at pageObjects.HomePage.clickCustomerSupport(HomePage.java:54)&#13;
	at stepDefinitions.TestCase.user_Clicks_on_Customer_Care_icon(TestCase.java:98)&#13;
	at sun.reflect.NativeMethodAccessorImpl.invoke0(Native Method)&#13;
	at sun.reflect.NativeMethodAccessorImpl.invoke(NativeMethodAccessorImpl.java:62)&#13;
	at sun.reflect.DelegatingMethodAccessorImpl.invoke(DelegatingMethodAccessorImpl.java:43)&#13;
	at java.lang.reflect.Method.invoke(Method.java:498)&#13;
	at cucumber.runtime.Utils$1.call(Utils.java:40)&#13;
	at cucumber.runtime.Timeout.timeout(Timeout.java:16)&#13;
	at cucumber.runtime.Utils.invoke(Utils.java:34)&#13;
	at cucumber.runtime.java.JavaStepDefinition.execute(JavaStepDefinition.java:38)&#13;
	at cucumber.runtime.StepDefinitionMatch.runStep(StepDefinitionMatch.java:37)&#13;
	at cucumber.runtime.Runtime.runStep(Runtime.java:300)&#13;
	at cucumber.runtime.model.StepContainer.runStep(StepContainer.java:44)&#13;
	at cucumber.runtime.model.StepContainer.runSteps(StepContainer.java:39)&#13;
	at cucumber.runtime.model.CucumberScenario.run(CucumberScenario.java:44)&#13;
	at cucumber.runtime.junit.ExecutionUnitRunner.run(ExecutionUnitRunner.java:102)&#13;
	at cucumber.runtime.junit.FeatureRunner.runChild(FeatureRunner.java:63)&#13;
	at cucumber.runtime.junit.FeatureRunner.runChild(FeatureRunner.java:18)&#13;
	at org.junit.runners.ParentRunner$3.run(ParentRunner.java:290)&#13;
	at org.junit.runners.ParentRunner$1.schedule(ParentRunner.java:71)&#13;
	at org.junit.runners.ParentRunner.runChildren(ParentRunner.java:288)&#13;
	at org.junit.runners.ParentRunner.access$000(ParentRunner.java:58)&#13;
	at org.junit.runners.ParentRunner$2.evaluate(ParentRunner.java:268)&#13;
	at org.junit.runners.ParentRunner.run(ParentRunner.java:363)&#13;
	at cucumber.runtime.junit.FeatureRunner.run(FeatureRunner.java:70)&#13;
	at cucumber.api.junit.Cucumber.runChild(Cucumber.java:95)&#13;
	at cucumber.api.junit.Cucumber.runChild(Cucumber.java:38)&#13;
	at org.junit.runners.ParentRunner$3.run(ParentRunner.java:290)&#13;
	at org.junit.runners.ParentRunner$1.schedule(ParentRunner.java:71)&#13;
	at org.junit.runners.ParentRunner.runChildren(ParentRunner.java:288)&#13;
	at org.junit.runners.ParentRunner.access$000(ParentRunner.java:58)&#13;
	at org.junit.runners.ParentRunner$2.evaluate(ParentRunner.java:268)&#13;
	at org.junit.runners.ParentRunner.run(ParentRunner.java:363)&#13;
	at cucumber.api.junit.Cucumber.run(Cucumber.java:100)&#13;
	at org.eclipse.jdt.internal.junit4.runner.JUnit4TestReference.run(JUnit4TestReference.java:86)&#13;
	at org.eclipse.jdt.internal.junit.runner.TestExecution.run(TestExecution.java:38)&#13;
	at org.eclipse.jdt.internal.junit.runner.RemoteTestRunner.runTests(RemoteTestRunner.java:459)&#13;
	at org.eclipse.jdt.internal.junit.runner.RemoteTestRunner.runTests(RemoteTestRunner.java:678)&#13;
	at org.eclipse.jdt.internal.junit.runner.RemoteTestRunner.run(RemoteTestRunner.java:382)&#13;
	at org.eclipse.jdt.internal.junit.runner.RemoteTestRunner.main(RemoteTestRunner.java:192)&#13;
&#13;
</error>
        <testcase name="When User Clicks on Customer Care icon" classname="Scenario: Customer Support Helpline" time="0.05">
          <error>org.openqa.selenium.TimeoutException: Expected condition failed: waiting for element to be clickable: Proxy element for: DefaultElementLocator 'By.xpath: //a[contains(@text , 'Customer Care')]' (tried for 30 second(s) with 500 MILLISECONDS interval)&#13;
	at org.openqa.selenium.support.ui.WebDriverWait.timeoutException(WebDriverWait.java:80)&#13;
	at org.openqa.selenium.support.ui.FluentWait.until(FluentWait.java:232)&#13;
	at pageObjects.HomePage.clickCustomerSupport(HomePage.java:54)&#13;
	at stepDefinitions.TestCase.user_Clicks_on_Customer_Care_icon(TestCase.java:98)&#13;
	at ✽.When User Clicks on Customer Care icon(HomePage.feature:20)&#13;
Caused by: org.openqa.selenium.NoSuchElementException: no such element: Unable to locate element: {"method":"xpath","selector":"//a[contains(@text , 'Customer Care')]"}
  (Session info: chrome=60.0.3112.113)
  (Driver info: chromedriver=2.30.477700 (0057494ad8732195794a7b32078424f92a5fce41),platform=Windows NT 6.1.7601 SP1 x86_64) (WARNING: The server did not provide any stacktrace information)
Command duration or timeout: 40 milliseconds
For documentation on this error, please visit: http://seleniumhq.org/exceptions/no_such_element.html
Build info: version: '3.4.0', revision: 'unknown', time: 'unknown'
System info: host: 'AMRA', ip: '192.168.10.52', os.name: 'Windows 7', os.arch: 'amd64', os.version: '6.1', java.version: '1.8.0_144'
Driver info: org.openqa.selenium.chrome.ChromeDriver
Capabilities [{applicationCacheEnabled=false, rotatable=false, mobileEmulationEnabled=false, networkConnectionEnabled=false, chrome={chromedriverVersion=2.30.477700 (0057494ad8732195794a7b32078424f92a5fce41), userDataDir=C:\Users\AMRAKH~1\AppData\Local\Temp\scoped_dir6788_6842}, takesHeapSnapshot=true, pageLoadStrategy=normal, databaseEnabled=false, handlesAlerts=true, hasTouchScreen=false, version=60.0.3112.113, platform=XP, browserConnectionEnabled=false, nativeEvents=true, acceptSslCerts=true, locationContextEnabled=true, webStorageEnabled=true, browserName=chrome, takesScreenshot=true, javascriptEnabled=true, cssSelectorsEnabled=true, unexpectedAlertBehaviour=}]
Session ID: dcde6c4fa0476334187bdd85672ec8b3
*** Element info: {Using=xpath, value=//a[contains(@text , 'Customer Care')]}&#13;
	at sun.reflect.GeneratedConstructorAccessor13.newInstance(Unknown Source)&#13;
	at sun.reflect.DelegatingConstructorAccessorImpl.newInstance(DelegatingConstructorAccessorImpl.java:45)&#13;
	at java.lang.reflect.Constructor.newInstance(Constructor.java:423)&#13;
	at org.openqa.selenium.remote.ErrorHandler.createThrowable(ErrorHandler.java:215)&#13;
	at org.openqa.selenium.remote.ErrorHandler.throwIfResponseFailed(ErrorHandler.java:167)&#13;
	at org.openqa.selenium.remote.RemoteWebDriver.execute(RemoteWebDriver.java:671)&#13;
	at org.openqa.selenium.remote.RemoteWebDriver.findElement(RemoteWebDriver.java:410)&#13;
	at org.openqa.selenium.remote.RemoteWebDriver.findElementByXPath(RemoteWebDriver.java:509)&#13;
	at org.openqa.selenium.By$ByXPath.findElement(By.java:361)&#13;
	at org.openqa.selenium.remote.RemoteWebDriver.findElement(RemoteWebDriver.java:402)&#13;
	at org.openqa.selenium.support.pagefactory.DefaultElementLocator.findElement(DefaultElementLocator.java:69)&#13;
	at org.openqa.selenium.support.pagefactory.internal.LocatingElementHandler.invoke(LocatingElementHandler.java:38)&#13;
	at com.sun.proxy.$Proxy15.isDisplayed(Unknown Source)&#13;
	at org.openqa.selenium.support.ui.ExpectedConditions.elementIfVisible(ExpectedConditions.java:302)&#13;
	at org.openqa.selenium.support.ui.ExpectedConditions.access$100(ExpectedConditions.java:44)&#13;
	at org.openqa.selenium.support.ui.ExpectedConditions$10.apply(ExpectedConditions.java:288)&#13;
	at org.openqa.selenium.support.ui.ExpectedConditions$10.apply(ExpectedConditions.java:285)&#13;
	at org.openqa.selenium.support.ui.ExpectedConditions$23.apply(ExpectedConditions.java:673)&#13;
	at org.openqa.selenium.support.ui.ExpectedConditions$23.apply(ExpectedConditions.java:669)&#13;
	at org.openqa.selenium.support.ui.FluentWait.until(FluentWait.java:209)&#13;
	at pageObjects.HomePage.clickCustomerSupport(HomePage.java:54)&#13;
	at stepDefinitions.TestCase.user_Clicks_on_Customer_Care_icon(TestCase.java:98)&#13;
	at sun.reflect.NativeMethodAccessorImpl.invoke0(Native Method)&#13;
	at sun.reflect.NativeMethodAccessorImpl.invoke(NativeMethodAccessorImpl.java:62)&#13;
	at sun.reflect.DelegatingMethodAccessorImpl.invoke(DelegatingMethodAccessorImpl.java:43)&#13;
	at java.lang.reflect.Method.invoke(Method.java:498)&#13;
	at cucumber.runtime.Utils$1.call(Utils.java:40)&#13;
	at cucumber.runtime.Timeout.timeout(Timeout.java:16)&#13;
	at cucumber.runtime.Utils.invoke(Utils.java:34)&#13;
	at cucumber.runtime.java.JavaStepDefinition.execute(JavaStepDefinition.java:38)&#13;
	at cucumber.runtime.StepDefinitionMatch.runStep(StepDefinitionMatch.java:37)&#13;
	at cucumber.runtime.Runtime.runStep(Runtime.java:300)&#13;
	at cucumber.runtime.model.StepContainer.runStep(StepContainer.java:44)&#13;
	at cucumber.runtime.model.StepContainer.runSteps(StepContainer.java:39)&#13;
	at cucumber.runtime.model.CucumberScenario.run(CucumberScenario.java:44)&#13;
	at cucumber.runtime.junit.ExecutionUnitRunner.run(ExecutionUnitRunner.java:102)&#13;
	at cucumber.runtime.junit.FeatureRunner.runChild(FeatureRunner.java:63)&#13;
	at cucumber.runtime.junit.FeatureRunner.runChild(FeatureRunner.java:18)&#13;
	at org.junit.runners.ParentRunner$3.run(ParentRunner.java:290)&#13;
	at org.junit.runners.ParentRunner$1.schedule(ParentRunner.java:71)&#13;
	at org.junit.runners.ParentRunner.runChildren(ParentRunner.java:288)&#13;
	at org.junit.runners.ParentRunner.access$000(ParentRunner.java:58)&#13;
	at org.junit.runners.ParentRunner$2.evaluate(ParentRunner.java:268)&#13;
	at org.junit.runners.ParentRunner.run(ParentRunner.java:363)&#13;
	at cucumber.runtime.junit.FeatureRunner.run(FeatureRunner.java:70)&#13;
	at cucumber.api.junit.Cucumber.runChild(Cucumber.java:95)&#13;
	at cucumber.api.junit.Cucumber.runChild(Cucumber.java:38)&#13;
	at org.junit.runners.ParentRunner$3.run(ParentRunner.java:290)&#13;
	at org.junit.runners.ParentRunner$1.schedule(ParentRunner.java:71)&#13;
	at org.junit.runners.ParentRunner.runChildren(ParentRunner.java:288)&#13;
	at org.junit.runners.ParentRunner.access$000(ParentRunner.java:58)&#13;
	at org.junit.runners.ParentRunner$2.evaluate(ParentRunner.java:268)&#13;
	at org.junit.runners.ParentRunner.run(ParentRunner.java:363)&#13;
	at cucumber.api.junit.Cucumber.run(Cucumber.java:100)&#13;
	at org.eclipse.jdt.internal.junit4.runner.JUnit4TestReference.run(JUnit4TestReference.java:86)&#13;
	at org.eclipse.jdt.internal.junit.runner.TestExecution.run(TestExecution.java:38)&#13;
	at org.eclipse.jdt.internal.junit.runner.RemoteTestRunner.runTests(RemoteTestRunner.java:459)&#13;
	at org.eclipse.jdt.internal.junit.runner.RemoteTestRunner.runTests(RemoteTestRunner.java:678)&#13;
	at org.eclipse.jdt.internal.junit.runner.RemoteTestRunner.run(RemoteTestRunner.java:382)&#13;
	at org.eclipse.jdt.internal.junit.runner.RemoteTestRunner.main(RemoteTestRunner.java:192)&#13;
&#13;
</error>
        </testcase>
        <testcase name="Then User should see the Customer Care Page" classname="Scenario: Customer Support Helpline" time="0.0" ignored="true"/>
      </testsuite>
    </testsuite>
    <testsuite name="Feature: Login Page" time="0.286">
      <testsuite name="Scenario: Login into flipkart" time="0.0">
        <testcase name="When he clicks on login icon" classname="Scenario: Login into flipkart" time="0.0"/>
        <testcase name="Then he should be able to see the Login Page" classname="Scenario: Login into flipkart" time="0.0"/>
      </testsuite>
      <testsuite name="Scenario: Login into flipkart" time="0.286">
        <testcase name="Given User is on the Login Page" classname="Scenario: Login into flipkart" time="0.284"/>
        <testcase name="When User enters Username as &quot;8750152322&quot; and Password as &quot;telnet@123&quot;" classname="Scenario: Login into flipkart" time="0.001"/>
        <testcase name="Then user should be on the home page" classname="Scenario: Login into flipkart" time="0.001"/>
      </testsuite>
    </testsuite>
    <testsuite name="Feature: Product List" time="2.522">
      <testsuite name="Scenario: Product name with highest rating" time="2.522">
        <testcase name="When User is on the product list page" classname="Scenario: Product name with highest rating" time="2.439"/>
        <testcase name="Then he should get the product with highest rating" classname="Scenario: Product name with highest rating" time="0.083"/>
      </testsuite>
    </testsuite>
  </testsuite>
</testrun>
